0 info it worked if it ends with ok
1 verbose cli [ 'C:\\Program Files\\nodejs\\\\node.exe',
1 verbose cli   'C:\\Program Files\\nodejs\\node_modules\\npm\\bin\\npm-cli.js',
1 verbose cli   'install',
1 verbose cli   'redis-server' ]
2 info using npm@2.5.1
3 info using node@v0.12.0
4 verbose node symlink C:\Program Files\nodejs\\node.exe
5 warn package.json TicTacNode@ No repository field.
6 silly cache add args [ 'redis-server', null ]
7 verbose cache add spec redis-server
8 silly cache add parsed spec { raw: 'redis-server',
8 silly cache add   scope: null,
8 silly cache add   name: 'redis-server',
8 silly cache add   rawSpec: '',
8 silly cache add   spec: '*',
8 silly cache add   type: 'range' }
9 verbose addNamed redis-server@*
10 silly addNamed semver.valid null
11 silly addNamed semver.validRange *
12 silly addNameRange { name: 'redis-server', range: '*', hasData: false }
13 silly mapToRegistry name redis-server
14 silly mapToRegistry using default registry
15 silly mapToRegistry registry https://registry.npmjs.org/
16 silly mapToRegistry uri https://registry.npmjs.org/redis-server
17 verbose addNameRange registry:https://registry.npmjs.org/redis-server not in flight; fetching
18 verbose request uri https://registry.npmjs.org/redis-server
19 verbose request no auth needed
20 info attempt registry request try #1 at 4:32:13 PM
21 verbose request id 88cfd2a9f1af46fe
22 http request GET https://registry.npmjs.org/redis-server
23 info retry will retry, error on last attempt: Error: tunneling socket could not be established, cause=Parse Error
24 info attempt registry request try #2 at 4:32:27 PM
25 http request GET https://registry.npmjs.org/redis-server
26 info retry will retry, error on last attempt: Error: tunneling socket could not be established, cause=Parse Error
27 info attempt registry request try #3 at 4:33:27 PM
28 http request GET https://registry.npmjs.org/redis-server
29 verbose stack Error: tunneling socket could not be established, cause=Parse Error
29 verbose stack     at ClientRequest.onError (C:\Program Files\nodejs\node_modules\npm\node_modules\request\node_modules\tunnel-agent\index.js:168:17)
29 verbose stack     at ClientRequest.g (events.js:199:16)
29 verbose stack     at ClientRequest.emit (events.js:107:17)
29 verbose stack     at Socket.socketOnData (_http_client.js:315:9)
29 verbose stack     at Socket.emit (events.js:107:17)
29 verbose stack     at readableAddChunk (_stream_readable.js:163:16)
29 verbose stack     at Socket.Readable.push (_stream_readable.js:126:10)
29 verbose stack     at TCP.onread (net.js:529:20)
30 verbose cwd D:\nodeworkspace\TicTacToe\app
31 error Windows_NT 6.1.7601
32 error argv "C:\\Program Files\\nodejs\\\\node.exe" "C:\\Program Files\\nodejs\\node_modules\\npm\\bin\\npm-cli.js" "install" "redis-server"
33 error node v0.12.0
34 error npm  v2.5.1
35 error code ECONNRESET
36 error network tunneling socket could not be established, cause=Parse Error
36 error network This is most likely not a problem with npm itself
36 error network and is related to network connectivity.
36 error network In most cases you are behind a proxy or have bad network settings.
36 error network
36 error network If you are behind a proxy, please make sure that the
36 error network 'proxy' config is set properly.  See: 'npm help config'
37 verbose exit [ 1, true ]
